;  LST file generated by mikroListExporter - v.2.0 
; Date/Time: 29/01/2021 14:52:09
;----------------------------------------------

;Address Opcode 	ASM
0x0000	0x2852      	GOTO       82
_Delay_500us:
;__Lib_Delays.c,27 :: 		void Delay_500us() {
;__Lib_Delays.c,28 :: 		Delay_us(498);
0x0003	0x3002      	MOVLW      2
0x0004	0x00FC      	MOVWF      R12
0x0005	0x3049      	MOVLW      73
0x0006	0x00FD      	MOVWF      R13
L_Delay_500us4:
0x0007	0x0BFD      	DECFSZ     R13, 1
0x0008	0x2807      	GOTO       L_Delay_500us4
0x0009	0x0BFC      	DECFSZ     R12, 1
0x000A	0x2807      	GOTO       L_Delay_500us4
0x000B	0x0000      	NOP
0x000C	0x0000      	NOP
;__Lib_Delays.c,29 :: 		}
L_end_Delay_500us:
0x000D	0x0008      	RETURN
; end of _Delay_500us
_Button:
;__Lib_Button.c,6 :: 		
;__Lib_Button.c,8 :: 		
0x000E	0x0020      	MOVLB      0
0x000F	0x01A7      	CLRF       Button_rslt_L0
;__Lib_Button.c,11 :: 		
0x0010	0x0823      	MOVF       FARG_Button_pin, 0
0x0011	0x00F1      	MOVWF      R1
0x0012	0x3001      	MOVLW      1
0x0013	0x00F0      	MOVWF      R0
0x0014	0x0871      	MOVF       R1, 0
L__Button5:
0x0015	0x1903      	BTFSC      STATUS, 2
0x0016	0x281A      	GOTO       L__Button6
0x0017	0x35F0      	LSLF       R0, 1
0x0018	0x3EFF      	ADDLW      255
0x0019	0x2815      	GOTO       L__Button5
L__Button6:
0x001A	0x0870      	MOVF       R0, 0
0x001B	0x00A6      	MOVWF      Button_pMask_L0
;__Lib_Button.c,13 :: 		
0x001C	0x0821      	MOVF       FARG_Button_port, 0
0x001D	0x0084      	MOVWF      FSR0
0x001E	0x0822      	MOVF       FARG_Button_port+1, 0
0x001F	0x0085      	MOVWF      FSR0H
0x0020	0x0870      	MOVF       R0, 0
0x0021	0x0500      	ANDWF      INDF0, 0
0x0022	0x00F1      	MOVWF      R1
0x0023	0x0871      	MOVF       R1, 0
0x0024	0x3001      	MOVLW      1
0x0025	0x1D03      	BTFSS      STATUS, 2
0x0026	0x3000      	MOVLW      0
0x0027	0x00F0      	MOVWF      R0
0x0028	0x0825      	MOVF       FARG_Button_active_state, 0
0x0029	0x06F0      	XORWF      R0, 1
0x002A	0x1903      	BTFSC      STATUS, 2
0x002B	0x2846      	GOTO       L_Button0
;__Lib_Button.c,15 :: 		
L_Button1:
0x002C	0x0824      	MOVF       FARG_Button_time_ms, 0
0x002D	0x3C00      	SUBLW      0
0x002E	0x1803      	BTFSC      STATUS, 0
0x002F	0x2834      	GOTO       L_Button2
;__Lib_Button.c,16 :: 		
0x0030	0x2003      	CALL       _Delay_500us
;__Lib_Button.c,17 :: 		
0x0031	0x2003      	CALL       _Delay_500us
;__Lib_Button.c,18 :: 		
0x0032	0x03A4      	DECF       FARG_Button_time_ms, 1
;__Lib_Button.c,19 :: 		
0x0033	0x282C      	GOTO       L_Button1
L_Button2:
;__Lib_Button.c,21 :: 		
0x0034	0x0821      	MOVF       FARG_Button_port, 0
0x0035	0x0084      	MOVWF      FSR0
0x0036	0x0822      	MOVF       FARG_Button_port+1, 0
0x0037	0x0085      	MOVWF      FSR0H
0x0038	0x0826      	MOVF       Button_pMask_L0, 0
0x0039	0x0500      	ANDWF      INDF0, 0
0x003A	0x00F1      	MOVWF      R1
0x003B	0x0871      	MOVF       R1, 0
0x003C	0x3001      	MOVLW      1
0x003D	0x1D03      	BTFSS      STATUS, 2
0x003E	0x3000      	MOVLW      0
0x003F	0x00F0      	MOVWF      R0
0x0040	0x0825      	MOVF       FARG_Button_active_state, 0
0x0041	0x06F0      	XORWF      R0, 1
0x0042	0x1903      	BTFSC      STATUS, 2
0x0043	0x2846      	GOTO       L_Button3
;__Lib_Button.c,22 :: 		
0x0044	0x30FF      	MOVLW      255
0x0045	0x00A7      	MOVWF      Button_rslt_L0
L_Button3:
;__Lib_Button.c,23 :: 		
L_Button0:
;__Lib_Button.c,25 :: 		
0x0046	0x0827      	MOVF       Button_rslt_L0, 0
0x0047	0x00F0      	MOVWF      R0
;__Lib_Button.c,26 :: 		
L_end_Button:
0x0048	0x0008      	RETURN
; end of _Button
___CC2DW:
;__Lib_System.c,71 :: 		
;__Lib_System.c,73 :: 		
_CC2DL_Loop1:
;__Lib_System.c,74 :: 		
0x0049	0x0012      	MOVIW      FSR0++ 
;__Lib_System.c,75 :: 		
0x004A	0x001E      	MOVWI      FSR1++ 
;__Lib_System.c,76 :: 		
0x004B	0x03F0      	DECF       R0, 1
;__Lib_System.c,77 :: 		
0x004C	0x1D03      	BTFSS      STATUS, 2
;__Lib_System.c,78 :: 		
0x004D	0x2849      	GOTO       _CC2DL_Loop1
;__Lib_System.c,79 :: 		
0x004E	0x03F1      	DECF       R1, 1
;__Lib_System.c,80 :: 		
0x004F	0x1D03      	BTFSS      STATUS, 2
;__Lib_System.c,81 :: 		
0x0050	0x2849      	GOTO       _CC2DL_Loop1
;__Lib_System.c,83 :: 		
L_end___CC2DW:
0x0051	0x0008      	RETURN
; end of ___CC2DW
_main:
;PIC12F1572_LEDs.c,5 :: 		void main() {
;PIC12F1572_LEDs.c,6 :: 		C1ON_bit = 0x00; // Desabilita comparador
0x0052	0x0022      	MOVLB      2
0x0053	0x1391      	BCF        C1ON_bit, BitPos(C1ON_bit+0)
;PIC12F1572_LEDs.c,7 :: 		ADON_bit = 0x00; // Desabilita ADC y no consume corriente
0x0054	0x0021      	MOVLB      1
0x0055	0x101D      	BCF        ADON_bit, BitPos(ADON_bit+0)
;PIC12F1572_LEDs.c,8 :: 		ANSELA   = 0x00; // Selecciona todos los pines como I/O digitales
0x0056	0x0023      	MOVLB      3
0x0057	0x018C      	CLRF       ANSELA
;PIC12F1572_LEDs.c,9 :: 		OSCCON   = 0x72; //Selecciona la Frencuencia interna del oscilador (8 MHz)
0x0058	0x3072      	MOVLW      114
0x0059	0x0021      	MOVLB      1
0x005A	0x0099      	MOVWF      OSCCON
;PIC12F1572_LEDs.c,10 :: 		DACEN_bit = 0x00;// Desabilita el DAC
0x005B	0x0022      	MOVLB      2
0x005C	0x1398      	BCF        DACEN_bit, BitPos(DACEN_bit+0)
;PIC12F1572_LEDs.c,12 :: 		TRISA = 0x0A;   // configura como entradas o salidas (RA1,RA3 input )
0x005D	0x300A      	MOVLW      10
0x005E	0x0021      	MOVLB      1
0x005F	0x008C      	MOVWF      TRISA
;PIC12F1572_LEDs.c,14 :: 		PORTA = 0x00;   // Inicia en nivel Low(bajo)
0x0060	0x0020      	MOVLB      0
0x0061	0x018C      	CLRF       PORTA
;PIC12F1572_LEDs.c,16 :: 		estado_anterior = 0;
0x0062	0x1020      	BCF        _estado_anterior, BitPos(_estado_anterior+0)
;PIC12F1572_LEDs.c,18 :: 		do{
L_main0:
;PIC12F1572_LEDs.c,19 :: 		if(Button(&PORTA,1,200,1)){   // Detecta el estado de RA1 en HIGH(1)
0x0063	0x300C      	MOVLW      PORTA
0x0064	0x00A1      	MOVWF      FARG_Button_port
0x0065	0x3000      	MOVLW      hi_addr(PORTA)
0x0066	0x00A2      	MOVWF      FARG_Button_port+1
0x0067	0x3001      	MOVLW      1
0x0068	0x00A3      	MOVWF      FARG_Button_pin
0x0069	0x30C8      	MOVLW      200
0x006A	0x00A4      	MOVWF      FARG_Button_time_ms
0x006B	0x3001      	MOVLW      1
0x006C	0x00A5      	MOVWF      FARG_Button_active_state
0x006D	0x200E      	CALL       _Button
0x006E	0x0870      	MOVF       R0, 0
0x006F	0x1903      	BTFSC      STATUS, 2
0x0070	0x2872      	GOTO       L_main3
;PIC12F1572_LEDs.c,20 :: 		estado_anterior = 1;     //
0x0071	0x1420      	BSF        _estado_anterior, BitPos(_estado_anterior+0)
;PIC12F1572_LEDs.c,21 :: 		}
L_main3:
;PIC12F1572_LEDs.c,22 :: 		if(estado_anterior && Button(&PORTA,1,200,0)){ //Detecta la transición de 1 a 0
0x0072	0x1C20      	BTFSS      _estado_anterior, BitPos(_estado_anterior+0)
0x0073	0x2884      	GOTO       L_main6
0x0074	0x300C      	MOVLW      PORTA
0x0075	0x00A1      	MOVWF      FARG_Button_port
0x0076	0x3000      	MOVLW      hi_addr(PORTA)
0x0077	0x00A2      	MOVWF      FARG_Button_port+1
0x0078	0x3001      	MOVLW      1
0x0079	0x00A3      	MOVWF      FARG_Button_pin
0x007A	0x30C8      	MOVLW      200
0x007B	0x00A4      	MOVWF      FARG_Button_time_ms
0x007C	0x01A5      	CLRF       FARG_Button_active_state
0x007D	0x200E      	CALL       _Button
0x007E	0x0870      	MOVF       R0, 0
0x007F	0x1903      	BTFSC      STATUS, 2
0x0080	0x2884      	GOTO       L_main6
L__main7:
;PIC12F1572_LEDs.c,23 :: 		RA0_bit = ~RA0_bit;          // RA0 se invierte
0x0081	0x3001      	MOVLW      1
0x0082	0x068C      	XORWF      RA0_bit, 1
;PIC12F1572_LEDs.c,24 :: 		estado_anterior = 0;        // actualiza el valor leído en RA1
0x0083	0x1020      	BCF        _estado_anterior, BitPos(_estado_anterior+0)
;PIC12F1572_LEDs.c,25 :: 		}
L_main6:
;PIC12F1572_LEDs.c,26 :: 		}while(1);
0x0084	0x2863      	GOTO       L_main0
;PIC12F1572_LEDs.c,27 :: 		}
L_end_main:
0x0085	0x2885      	GOTO       $+0
; end of _main
Symbol List:
//** Routines locations **
//ADDRESS    SIZE    PROCEDURE
//----------------------------------------------
0x0003      [11]    _Delay_500us
0x000E      [59]    _Button
0x0049       [9]    ___CC2DW
0x0052      [52]    _main
//** Variables locations ** 
//ADDRESS    SIZE    VARIABLE
//----------------------------------------------
0x0000       [1]    INDF0
0x0001       [1]    INDF1
0x0003       [1]    STATUS
0x0004       [1]    FSR0L
0x0005       [1]    FSR0H
0x0006       [1]    FSR1L
0x0007       [1]    FSR1H
0x000A       [1]    PCLATH
0x000C       [1]    PORTA
0x000C       [0]    RA0_bit
0x0020       [0]    _estado_anterior
0x0021       [2]    FARG_Button_port
0x0023       [1]    FARG_Button_pin
0x0024       [1]    FARG_Button_time_ms
0x0025       [1]    FARG_Button_active_state
0x0026       [1]    Button_pMask_L0
0x0027       [1]    Button_rslt_L0
0x0070       [1]    R0
0x0071       [1]    R1
0x0072       [1]    R2
0x0073       [1]    R3
0x0074       [1]    R4
0x0075       [1]    R5
0x0076       [1]    R6
0x0077       [1]    R7
0x0078       [1]    R8
0x0079       [1]    R9
0x007A       [1]    R10
0x007B       [1]    R11
0x007C       [1]    R12
0x007D       [1]    R13
0x007E       [1]    R14
0x007F       [1]    R15
0x008C       [1]    TRISA
0x0099       [1]    OSCCON
0x009D       [0]    ADON_bit
0x0111       [0]    C1ON_bit
0x0118       [0]    DACEN_bit
0x018C       [1]    ANSELA
